<?xml version="1.0" encoding="UTF-8"?>
<!-- Generated by org.testng.reporters.JUnitReportReporter -->
<testsuite hostname="Preetis-MacBook-Pro.local" failures="0" tests="7" name="com.example.login.LoginServiceTest" time="0.664" errors="0" timestamp="2025-11-25T12:23:41 IST" skipped="0">
  <testcase classname="com.example.login.LoginServiceTest" name="testLockoutAfterThreeFails" time="0.003"/>
  <testcase classname="com.example.login.LoginServiceTest" name="testFailureCountResetsAfterSuccess" time="0.007"/>
  <testcase classname="com.example.login.LoginServiceTest" name="testSuccessLogin" time="0.003"/>
  <testcase classname="com.example.login.LoginServiceTest" name="testEmptyCredentialsValidation" time="0.026"/>
  <testcase classname="com.example.login.LoginServiceTest" name="testFailureIncrementsCounter" time="0.621"/>
  <testcase classname="com.example.login.LoginServiceTest" name="testRememberMeStoresToken" time="0.002"/>
  <testcase classname="com.example.login.LoginServiceTest" name="testOfflineShowsMessageAndNoServiceCall" time="0.002"/>
</testsuite> <!-- com.example.login.LoginServiceTest -->
