<?xml version="1.0" encoding="UTF-8"?>
<testng-results ignored="0" total="7" passed="7" failed="0" skipped="0">
  <reporter-output>
  </reporter-output>
  <suite started-at="2025-11-25T12:23:35 IST" name="Default suite" finished-at="2025-11-25T12:23:36 IST" duration-ms="707">
    <groups>
    </groups>
    <test started-at="2025-11-25T12:23:35 IST" name="Default test" finished-at="2025-11-25T12:23:36 IST" duration-ms="707">
      <class name="com.example.login.LoginServiceTest">
        <test-method is-config="true" signature="setup()[pri:0, instance:com.example.login.LoginServiceTest@41fbdac4]" started-at="2025-11-25T12:23:35 IST" name="setup" finished-at="2025-11-25T12:23:36 IST" duration-ms="620" status="PASS">
          <reporter-output>
          </reporter-output>
        </test-method> <!-- setup -->
        <test-method signature="testEmptyCredentialsValidation()[pri:0, instance:com.example.login.LoginServiceTest@41fbdac4]" started-at="2025-11-25T12:23:36 IST" name="testEmptyCredentialsValidation" finished-at="2025-11-25T12:23:36 IST" duration-ms="25" status="PASS">
          <reporter-output>
          </reporter-output>
        </test-method> <!-- testEmptyCredentialsValidation -->
        <test-method is-config="true" signature="setup()[pri:0, instance:com.example.login.LoginServiceTest@41fbdac4]" started-at="2025-11-25T12:23:36 IST" name="setup" finished-at="2025-11-25T12:23:36 IST" duration-ms="1" status="PASS">
          <reporter-output>
          </reporter-output>
        </test-method> <!-- setup -->
        <test-method signature="testFailureCountResetsAfterSuccess()[pri:0, instance:com.example.login.LoginServiceTest@41fbdac4]" started-at="2025-11-25T12:23:36 IST" name="testFailureCountResetsAfterSuccess" finished-at="2025-11-25T12:23:36 IST" duration-ms="7" status="PASS">
          <reporter-output>
          </reporter-output>
        </test-method> <!-- testFailureCountResetsAfterSuccess -->
        <test-method is-config="true" signature="setup()[pri:0, instance:com.example.login.LoginServiceTest@41fbdac4]" started-at="2025-11-25T12:23:36 IST" name="setup" finished-at="2025-11-25T12:23:36 IST" duration-ms="1" status="PASS">
          <reporter-output>
          </reporter-output>
        </test-method> <!-- setup -->
        <test-method signature="testFailureIncrementsCounter()[pri:0, instance:com.example.login.LoginServiceTest@41fbdac4]" started-at="2025-11-25T12:23:36 IST" name="testFailureIncrementsCounter" finished-at="2025-11-25T12:23:36 IST" duration-ms="1" status="PASS">
          <reporter-output>
          </reporter-output>
        </test-method> <!-- testFailureIncrementsCounter -->
        <test-method is-config="true" signature="setup()[pri:0, instance:com.example.login.LoginServiceTest@41fbdac4]" started-at="2025-11-25T12:23:36 IST" name="setup" finished-at="2025-11-25T12:23:36 IST" duration-ms="1" status="PASS">
          <reporter-output>
          </reporter-output>
        </test-method> <!-- setup -->
        <test-method signature="testLockoutAfterThreeFails()[pri:0, instance:com.example.login.LoginServiceTest@41fbdac4]" started-at="2025-11-25T12:23:36 IST" name="testLockoutAfterThreeFails" finished-at="2025-11-25T12:23:36 IST" duration-ms="2" status="PASS">
          <reporter-output>
          </reporter-output>
        </test-method> <!-- testLockoutAfterThreeFails -->
        <test-method is-config="true" signature="setup()[pri:0, instance:com.example.login.LoginServiceTest@41fbdac4]" started-at="2025-11-25T12:23:36 IST" name="setup" finished-at="2025-11-25T12:23:36 IST" duration-ms="1" status="PASS">
          <reporter-output>
          </reporter-output>
        </test-method> <!-- setup -->
        <test-method signature="testOfflineShowsMessageAndNoServiceCall()[pri:0, instance:com.example.login.LoginServiceTest@41fbdac4]" started-at="2025-11-25T12:23:36 IST" name="testOfflineShowsMessageAndNoServiceCall" finished-at="2025-11-25T12:23:36 IST" duration-ms="1" status="PASS">
          <reporter-output>
          </reporter-output>
        </test-method> <!-- testOfflineShowsMessageAndNoServiceCall -->
        <test-method is-config="true" signature="setup()[pri:0, instance:com.example.login.LoginServiceTest@41fbdac4]" started-at="2025-11-25T12:23:36 IST" name="setup" finished-at="2025-11-25T12:23:36 IST" duration-ms="1" status="PASS">
          <reporter-output>
          </reporter-output>
        </test-method> <!-- setup -->
        <test-method signature="testRememberMeStoresToken()[pri:0, instance:com.example.login.LoginServiceTest@41fbdac4]" started-at="2025-11-25T12:23:36 IST" name="testRememberMeStoresToken" finished-at="2025-11-25T12:23:36 IST" duration-ms="1" status="PASS">
          <reporter-output>
          </reporter-output>
        </test-method> <!-- testRememberMeStoresToken -->
        <test-method signature="testSuccessLogin()[pri:0, instance:com.example.login.LoginServiceTest@41fbdac4]" started-at="2025-11-25T12:23:36 IST" name="testSuccessLogin" finished-at="2025-11-25T12:23:36 IST" duration-ms="2" status="PASS">
          <reporter-output>
          </reporter-output>
        </test-method> <!-- testSuccessLogin -->
        <test-method is-config="true" signature="setup()[pri:0, instance:com.example.login.LoginServiceTest@41fbdac4]" started-at="2025-11-25T12:23:36 IST" name="setup" finished-at="2025-11-25T12:23:36 IST" duration-ms="0" status="PASS">
          <reporter-output>
          </reporter-output>
        </test-method> <!-- setup -->
      </class> <!-- com.example.login.LoginServiceTest -->
    </test> <!-- Default test -->
  </suite> <!-- Default suite -->
</testng-results>
