<?xml version="1.0" encoding="UTF-8"?>
<!-- Generated by org.testng.reporters.JUnitXMLReporter -->
<testsuite ignored="0" hostname="Preetis-MacBook-Pro.local" failures="0" tests="7" name="Default test" time="0.707" errors="0" timestamp="2025-11-25T12:23:41 IST">
  <testcase classname="com.example.login.LoginServiceTest" name="testEmptyCredentialsValidation" time="0.025"/>
  <testcase classname="com.example.login.LoginServiceTest" name="testFailureCountResetsAfterSuccess" time="0.007"/>
  <testcase classname="com.example.login.LoginServiceTest" name="testFailureIncrementsCounter" time="0.001"/>
  <testcase classname="com.example.login.LoginServiceTest" name="testLockoutAfterThreeFails" time="0.002"/>
  <testcase classname="com.example.login.LoginServiceTest" name="testOfflineShowsMessageAndNoServiceCall" time="0.001"/>
  <testcase classname="com.example.login.LoginServiceTest" name="testRememberMeStoresToken" time="0.001"/>
  <testcase classname="com.example.login.LoginServiceTest" name="testSuccessLogin" time="0.002"/>
</testsuite> <!-- Default test -->
